2023/03/27 02:57:26.773092 [{1 Более 10 кг вещей Более 10 кг вещей скидка 20% 20} {2 Для детских вещей Для детских вещей скидка 50% 50}]
2023/03/27 03:07:18.427651 [{1 Более 10 кг вещей Более 10 кг вещей скидка 20% 20} {2 Для детских вещей Для детских вещей скидка 50% 50}]
2023/03/27 03:08:34.368678 [{1 Более 10 кг вещей Более 10 кг вещей скидка 20% 20} {2 Для детских вещей Для детских вещей скидка 50% 50}]
2023/03/27 03:08:39.594050 [{1 Более 10 кг вещей Более 10 кг вещей скидка 20% 20}]
2023/03/27 03:09:05.658799 [{1 Более 10 кг вещей Более 10 кг вещей скидка 20% 20}]
2023/03/27 03:11:46.137066 [{1 Более 10 кг вещей Более 10 кг вещей скидка 20% 20}]
2023/03/27 03:11:46.148230 DryCleaning:  48
2023/03/27 03:11:46.161918 HandWash:  37.5
2023/03/27 03:11:46.172996 GeneralLaundryService:  30
2023/03/27 03:11:46.178478 IroningServices:  10
2023/03/27 03:11:46.179673 [{1 Более 10 кг вещей Более 10 кг вещей скидка 20% 20}]
2023/03/27 03:11:46.182729 ClothingRepair:  14
2023/03/27 03:11:46.186074 [{1 Более 10 кг вещей Более 10 кг вещей скидка 20% 20}]
2023/03/27 03:11:46.211467 StainRemoval:  12
2023/03/27 03:11:46.216555 151.5
2023/03/27 03:13:19.157823 [{1 Более 10 кг вещей Более 10 кг вещей скидка 20% 20} {2 Для детских вещей Для детских вещей скидка 50% 50}]
2023/03/27 03:13:19.159387 DryCleaning:  18
2023/03/27 03:13:19.162189 HandWash:  37.5
2023/03/27 03:13:19.164581 GeneralLaundryService:  30
2023/03/27 03:13:19.165933 IroningServices:  10
2023/03/27 03:13:19.166885 [{1 Более 10 кг вещей Более 10 кг вещей скидка 20% 20}]
2023/03/27 03:13:19.167788 ClothingRepair:  14
2023/03/27 03:13:19.168975 [{1 Более 10 кг вещей Более 10 кг вещей скидка 20% 20}]
2023/03/27 03:13:19.169794 StainRemoval:  12
2023/03/27 03:13:19.172016 121.5
2023/03/27 03:27:07.128184 [{1 Более 10 кг вещей Более 10 кг вещей скидка 20% 20}]
2023/03/27 03:27:30.892695 [{1 Более 10 кг вещей Более 10 кг вещей скидка 20% 20}]
2023/03/27 03:28:21.043092 [{1 Более 10 кг вещей Более 10 кг вещей скидка 20% 20}]
2023/03/27 03:29:49.573024 [{1 Более 10 кг вещей Более 10 кг вещей скидка 20% 20}]
2023/03/27 03:35:06.640372 [{1 Более 10 кг вещей Более 10 кг вещей скидка 20% 20}]
2023/03/27 03:35:26.725919 [{1 Более 10 кг вещей Более 10 кг вещей скидка 20% 20}]
2023/03/27 03:35:48.582250 [{1 Более 10 кг вещей Более 10 кг вещей скидка 20% 20}]
2023/03/27 03:37:38.247241 [{1 Более 10 кг вещей Более 10 кг вещей скидка 20% 20}]
2023/03/27 04:46:22.905407 [{1 Более 10 кг вещей Более 10 кг вещей скидка 20% 20}]
2023/03/27 04:46:22.917749 [{2 Для детских вещей Для детских вещей скидка 50% 50}]
2023/03/27 04:47:25.593905 [{1 Более 10 кг вещей Более 10 кг вещей скидка 20% 20} {2 Для детских вещей Для детских вещей скидка 50% 50}]
2023/03/27 05:01:05.850352 [{1 Более 10 кг вещей Более 10 кг вещей скидка 20% 20} {2 Для детских вещей Для детских вещей скидка 50% 50}]
2023/03/27 05:05:58.294800 [{1 Более 10 кг вещей Более 10 кг вещей скидка 20% 20} {2 Для детских вещей Для детских вещей скидка 50% 50}]
2023/03/27 05:05:58.303159 DryCleaning:  18
2023/03/27 05:05:58.308600 [{1 Более 10 кг вещей Более 10 кг вещей скидка 20% 20} {2 Для детских вещей Для детских вещей скидка 50% 50}]
2023/03/27 05:05:58.311394 HandWash:  11.25
2023/03/27 05:05:58.319151 [{1 Более 10 кг вещей Более 10 кг вещей скидка 20% 20} {2 Для детских вещей Для детских вещей скидка 50% 50}]
2023/03/27 05:05:58.321845 GeneralLaundryService:  9
2023/03/27 05:05:58.323787 [{1 Более 10 кг вещей Более 10 кг вещей скидка 20% 20} {2 Для детских вещей Для детских вещей скидка 50% 50}]
2023/03/27 05:05:58.327833 IroningServices:  4.5
2023/03/27 05:05:58.328826 [{1 Более 10 кг вещей Более 10 кг вещей скидка 20% 20} {2 Для детских вещей Для детских вещей скидка 50% 50}]
2023/03/27 05:05:58.332565 ClothingRepair:  7.875
2023/03/27 05:05:58.335506 [{1 Более 10 кг вещей Более 10 кг вещей скидка 20% 20} {2 Для детских вещей Для детских вещей скидка 50% 50}]
2023/03/27 05:05:58.339160 StainRemoval:  6.75
2023/03/27 05:05:58.339728 [{1 Более 10 кг вещей Более 10 кг вещей скидка 20% 20} {2 Для детских вещей Для детских вещей скидка 50% 50}]
2023/03/27 05:05:58.348609 25.818752
2023/03/27 05:09:43.200443 [{1 Более 10 кг вещей Более 10 кг вещей скидка 20% 20} {2 Для детских вещей Для детских вещей скидка 50% 50}]
2023/03/27 05:09:43.210899 [{1 Более 10 кг вещей Более 10 кг вещей скидка 20% 20} {2 Для детских вещей Для детских вещей скидка 50% 50}]
2023/03/27 05:09:43.215891 [{1 Более 10 кг вещей Более 10 кг вещей скидка 20% 20} {2 Для детских вещей Для детских вещей скидка 50% 50}]
2023/03/27 05:09:43.221683 [{1 Более 10 кг вещей Более 10 кг вещей скидка 20% 20} {2 Для детских вещей Для детских вещей скидка 50% 50}]
2023/03/27 05:14:23.322471 [{1 Более 10 кг вещей Более 10 кг вещей скидка 20% 20} {2 Для детских вещей Для детских вещей скидка 50% 50}]
2023/03/27 05:14:23.332161 [{1 Более 10 кг вещей Более 10 кг вещей скидка 20% 20} {2 Для детских вещей Для детских вещей скидка 50% 50}]
2023/03/27 05:14:23.337891 [{1 Более 10 кг вещей Более 10 кг вещей скидка 20% 20} {2 Для детских вещей Для детских вещей скидка 50% 50}]
2023/03/27 05:14:23.343566 [{1 Более 10 кг вещей Более 10 кг вещей скидка 20% 20} {2 Для детских вещей Для детских вещей скидка 50% 50}]
2023/03/27 05:14:23.347234 [{1 Более 10 кг вещей Более 10 кг вещей скидка 20% 20} {2 Для детских вещей Для детских вещей скидка 50% 50}]
2023/03/27 05:21:00.161249 [{1 Более 10 кг вещей Более 10 кг вещей скидка 20% 20} {2 Для детских вещей Для детских вещей скидка 50% 50}]
2023/03/27 05:21:00.176036 [{1 Более 10 кг вещей Более 10 кг вещей скидка 20% 20} {2 Для детских вещей Для детских вещей скидка 50% 50}]
2023/03/27 05:21:00.179768 [{1 Более 10 кг вещей Более 10 кг вещей скидка 20% 20} {2 Для детских вещей Для детских вещей скидка 50% 50}]
2023/03/27 05:21:00.186569 [{1 Более 10 кг вещей Более 10 кг вещей скидка 20% 20} {2 Для детских вещей Для детских вещей скидка 50% 50}]
2023/03/27 05:21:00.189417 [{1 Более 10 кг вещей Более 10 кг вещей скидка 20% 20} {2 Для детских вещей Для детских вещей скидка 50% 50}]
2023/03/27 05:21:00.192406 [{1 Более 10 кг вещей Более 10 кг вещей скидка 20% 20} {2 Для детских вещей Для детских вещей скидка 50% 50}]
2023/03/27 05:25:40.947317 [{1 Более 10 кг вещей Более 10 кг вещей скидка 20% 20} {2 Для детских вещей Для детских вещей скидка 50% 50}]
2023/03/27 05:25:40.956845 [{1 Более 10 кг вещей Более 10 кг вещей скидка 20% 20} {2 Для детских вещей Для детских вещей скидка 50% 50}]
2023/03/27 05:25:40.960442 [{1 Более 10 кг вещей Более 10 кг вещей скидка 20% 20} {2 Для детских вещей Для детских вещей скидка 50% 50}]
2023/03/27 05:25:40.966227 [{1 Более 10 кг вещей Более 10 кг вещей скидка 20% 20} {2 Для детских вещей Для детских вещей скидка 50% 50}]
2023/03/27 05:25:40.969775 [{1 Более 10 кг вещей Более 10 кг вещей скидка 20% 20} {2 Для детских вещей Для детских вещей скидка 50% 50}]
2023/03/27 05:25:40.971374 [{1 Более 10 кг вещей Более 10 кг вещей скидка 20% 20} {2 Для детских вещей Для детских вещей скидка 50% 50}]
2023/03/27 05:25:40.974808 [{1 Более 10 кг вещей Более 10 кг вещей скидка 20% 20} {2 Для детских вещей Для детских вещей скидка 50% 50}]
2023/03/27 06:45:41.220509 [{1 Более 10 кг вещей Более 10 кг вещей скидка 20% 20} {2 Для детских вещей Для детских вещей скидка 50% 50}]
2023/03/27 06:45:41.238315 [{1 Более 10 кг вещей Более 10 кг вещей скидка 20% 20} {2 Для детских вещей Для детских вещей скидка 50% 50}]
2023/03/27 06:45:41.242173 [{1 Более 10 кг вещей Более 10 кг вещей скидка 20% 20} {2 Для детских вещей Для детских вещей скидка 50% 50}]
2023/03/27 06:45:41.249435 [{1 Более 10 кг вещей Более 10 кг вещей скидка 20% 20} {2 Для детских вещей Для детских вещей скидка 50% 50}]
2023/03/27 06:45:41.252393 [{1 Более 10 кг вещей Более 10 кг вещей скидка 20% 20} {2 Для детских вещей Для детских вещей скидка 50% 50}]
2023/03/27 06:45:41.253167 [{1 Более 10 кг вещей Более 10 кг вещей скидка 20% 20} {2 Для детских вещей Для детских вещей скидка 50% 50}]
2023/03/27 06:45:41.256810 [{1 Более 10 кг вещей Более 10 кг вещей скидка 20% 20} {2 Для детских вещей Для детских вещей скидка 50% 50}]
2023/03/27 06:49:13.120150 [{1 Более 10 кг вещей Более 10 кг вещей скидка 20% 20} {2 Для детских вещей Для детских вещей скидка 50% 50}]
2023/03/27 06:49:13.134530 [{1 Более 10 кг вещей Более 10 кг вещей скидка 20% 20} {2 Для детских вещей Для детских вещей скидка 50% 50}]
2023/03/27 06:49:13.138285 [{1 Более 10 кг вещей Более 10 кг вещей скидка 20% 20} {2 Для детских вещей Для детских вещей скидка 50% 50}]
2023/03/27 06:49:13.144478 [{1 Более 10 кг вещей Более 10 кг вещей скидка 20% 20} {2 Для детских вещей Для детских вещей скидка 50% 50}]
2023/03/27 06:49:13.148583 [{1 Более 10 кг вещей Более 10 кг вещей скидка 20% 20} {2 Для детских вещей Для детских вещей скидка 50% 50}]
2023/03/27 06:49:13.150523 [{1 Более 10 кг вещей Более 10 кг вещей скидка 20% 20} {2 Для детских вещей Для детских вещей скидка 50% 50}]
2023/03/27 06:49:13.159681 [{1 Более 10 кг вещей Более 10 кг вещей скидка 20% 20} {2 Для детских вещей Для детских вещей скидка 50% 50}]
2023/03/27 06:49:50.182008 [{1 Более 10 кг вещей Более 10 кг вещей скидка 20% 20} {2 Для детских вещей Для детских вещей скидка 50% 50}]
2023/03/27 06:49:50.192270 [{1 Более 10 кг вещей Более 10 кг вещей скидка 20% 20} {2 Для детских вещей Для детских вещей скидка 50% 50}]
2023/03/27 06:49:50.196317 [{1 Более 10 кг вещей Более 10 кг вещей скидка 20% 20} {2 Для детских вещей Для детских вещей скидка 50% 50}]
2023/03/27 06:49:50.201505 [{1 Более 10 кг вещей Более 10 кг вещей скидка 20% 20} {2 Для детских вещей Для детских вещей скидка 50% 50}]
2023/03/27 06:49:50.206833 [{1 Более 10 кг вещей Более 10 кг вещей скидка 20% 20} {2 Для детских вещей Для детских вещей скидка 50% 50}]
2023/03/27 06:49:50.208907 [{1 Более 10 кг вещей Более 10 кг вещей скидка 20% 20} {2 Для детских вещей Для детских вещей скидка 50% 50}]
2023/03/27 06:49:50.214701 [{1 Более 10 кг вещей Более 10 кг вещей скидка 20% 20} {2 Для детских вещей Для детских вещей скидка 50% 50}]
2023/03/27 06:54:31.805552 [{1 Более 10 кг вещей Более 10 кг вещей скидка 20% 20} {2 Для детских вещей Для детских вещей скидка 50% 50}]
2023/03/27 06:54:31.818907 DryCleaning:  18
2023/03/27 06:54:31.829094 [{1 Более 10 кг вещей Более 10 кг вещей скидка 20% 20} {2 Для детских вещей Для детских вещей скидка 50% 50}]
2023/03/27 06:54:31.832640 HandWash:  11.25
2023/03/27 06:54:31.838877 [{1 Более 10 кг вещей Более 10 кг вещей скидка 20% 20} {2 Для детских вещей Для детских вещей скидка 50% 50}]
2023/03/27 06:54:31.845648 GeneralLaundryService:  9
2023/03/27 06:54:31.849737 [{1 Более 10 кг вещей Более 10 кг вещей скидка 20% 20} {2 Для детских вещей Для детских вещей скидка 50% 50}]
2023/03/27 06:54:31.856039 IroningServices:  4.5
2023/03/27 06:54:31.857377 [{1 Более 10 кг вещей Более 10 кг вещей скидка 20% 20} {2 Для детских вещей Для детских вещей скидка 50% 50}]
2023/03/27 06:54:31.861801 ClothingRepair:  7.875
2023/03/27 06:54:31.864817 [{1 Более 10 кг вещей Более 10 кг вещей скидка 20% 20} {2 Для детских вещей Для детских вещей скидка 50% 50}]
2023/03/27 06:54:31.869302 StainRemoval:  6.75
2023/03/27 06:54:31.870121 [{1 Более 10 кг вещей Более 10 кг вещей скидка 20% 20} {2 Для детских вещей Для детских вещей скидка 50% 50}]
2023/03/27 06:54:31.888620 25.818752
